---------- Date: 2014-09-12 14:46:46 ~ IP : 46.175.230.17 ----------
REQUEST URI : /nasz/admin/index.php?route=catalog/product/update&amp;token=e22468f50019ef7c61e8e9592db60a56&amp;product_id=692
MOD DETAILS:
   modFile   : /home/demostrona/domains/demo.stronazen.pl/public_html/nasz/vqmod/xml/Auto-SEO-keywords-URL.xml
   id        : Auto SEO Keywords
   version   : 1
   vqmver    : 
   author    : Creative Ground
SEARCH NOT FOUND (ABORTING MOD): name="keyword"

----------------------------------------------------------------------


---------- Date: 2014-09-12 14:50:29 ~ IP : 46.175.230.17 ----------
REQUEST URI : /nasz/admin/index.php?route=catalog/product/update&amp;token=e22468f50019ef7c61e8e9592db60a56&amp;product_id=692
MOD DETAILS:
   modFile   : /home/demostrona/domains/demo.stronazen.pl/public_html/nasz/vqmod/xml/Auto-SEO-keywords-URL.xml
   id        : Auto SEO Keywords
   version   : 1
   vqmver    : 
   author    : Creative Ground
SEARCH NOT FOUND (ABORTING MOD): name="keyword"

----------------------------------------------------------------------


---------- Date: 2014-09-12 14:51:08 ~ IP : 46.175.230.17 ----------
REQUEST URI : /nasz/admin/index.php?route=catalog/product/update&amp;token=e22468f50019ef7c61e8e9592db60a56&amp;product_id=692
MOD DETAILS:
   modFile   : /home/demostrona/domains/demo.stronazen.pl/public_html/nasz/vqmod/xml/Auto-SEO-keywords-URL.xml
   id        : Auto SEO Keywords
   version   : 1
   vqmver    : 
   author    : Creative Ground
SEARCH NOT FOUND (ABORTING MOD): name="keyword"

----------------------------------------------------------------------


---------- Date: 2014-09-12 14:51:34 ~ IP : 46.175.230.17 ----------
REQUEST URI : /nasz/admin/index.php?route=catalog/product/update&amp;token=e22468f50019ef7c61e8e9592db60a56&amp;product_id=692
MOD DETAILS:
   modFile   : /home/demostrona/domains/demo.stronazen.pl/public_html/nasz/vqmod/xml/Auto-SEO-keywords-URL.xml
   id        : Auto SEO Keywords
   version   : 1
   vqmver    : 
   author    : Creative Ground
SEARCH NOT FOUND (ABORTING MOD): name="keyword"

----------------------------------------------------------------------


---------- Date: 2014-09-12 14:55:35 ~ IP : 46.175.230.17 ----------
REQUEST URI : /nasz/admin/index.php?route=catalog/product/update&amp;token=e22468f50019ef7c61e8e9592db60a56&amp;product_id=692
MOD DETAILS:
   modFile   : /home/demostrona/domains/demo.stronazen.pl/public_html/nasz/vqmod/xml/Auto-SEO-keywords-URL.xml
   id        : Auto SEO Keywords
   version   : 1
   vqmver    : 
   author    : Creative Ground
SEARCH NOT FOUND (ABORTING MOD): name="keyword"

----------------------------------------------------------------------


---------- Date: 2014-09-12 14:56:34 ~ IP : 46.175.230.17 ----------
REQUEST URI : /nasz/admin/index.php?route=catalog/product/update&amp;token=e22468f50019ef7c61e8e9592db60a56&amp;product_id=692
MOD DETAILS:
   modFile   : /home/demostrona/domains/demo.stronazen.pl/public_html/nasz/vqmod/xml/Auto-SEO-keywords-URL.xml
   id        : Auto SEO Keywords
   version   : 1
   vqmver    : 
   author    : Creative Ground
SEARCH NOT FOUND (ABORTING MOD): name="keyword"

----------------------------------------------------------------------


---------- Date: 2014-09-12 14:57:18 ~ IP : 46.175.230.17 ----------
REQUEST URI : /nasz/admin/index.php?route=catalog/product/update&amp;token=e22468f50019ef7c61e8e9592db60a56&amp;product_id=692
MOD DETAILS:
   modFile   : /home/demostrona/domains/demo.stronazen.pl/public_html/nasz/vqmod/xml/Auto-SEO-keywords-URL.xml
   id        : Auto SEO Keywords
   version   : 1
   vqmver    : 
   author    : Creative Ground
SEARCH NOT FOUND (ABORTING MOD): name="keyword"

----------------------------------------------------------------------


---------- Date: 2014-09-12 14:58:38 ~ IP : 46.175.230.17 ----------
REQUEST URI : /nasz/admin/index.php?route=catalog/product/update&amp;token=e22468f50019ef7c61e8e9592db60a56&amp;product_id=692
MOD DETAILS:
   modFile   : /home/demostrona/domains/demo.stronazen.pl/public_html/nasz/vqmod/xml/Auto-SEO-keywords-URL.xml
   id        : Auto SEO Keywords
   version   : 1
   vqmver    : 
   author    : Creative Ground
SEARCH NOT FOUND (ABORTING MOD): name="keyword"

----------------------------------------------------------------------


---------- Date: 2014-09-12 14:59:03 ~ IP : 46.175.230.17 ----------
REQUEST URI : /nasz/admin/index.php?route=catalog/product/update&amp;token=e22468f50019ef7c61e8e9592db60a56&amp;product_id=692
MOD DETAILS:
   modFile   : /home/demostrona/domains/demo.stronazen.pl/public_html/nasz/vqmod/xml/Auto-SEO-keywords-URL.xml
   id        : Auto SEO Keywords
   version   : 1
   vqmver    : 
   author    : Creative Ground
SEARCH NOT FOUND (ABORTING MOD): name="keyword"

----------------------------------------------------------------------


---------- Date: 2014-09-12 15:01:58 ~ IP : 46.175.230.17 ----------
REQUEST URI : /nasz/admin/index.php?route=catalog/product/update&amp;token=47a6d538fcf71281a734db18efdd1ce7&amp;product_id=692
MOD DETAILS:
   modFile   : /home/demostrona/domains/demo.stronazen.pl/public_html/nasz/vqmod/xml/Auto-SEO-keywords-URL.xml
   id        : Auto SEO Keywords
   version   : 1
   vqmver    : 
   author    : Creative Ground
SEARCH NOT FOUND (ABORTING MOD): name="keyword"

----------------------------------------------------------------------


---------- Date: 2014-09-12 15:03:29 ~ IP : 46.175.230.17 ----------
REQUEST URI : /nasz/admin/index.php?route=catalog/product/update&amp;token=67253852e0bbda5bb226f1d9ccbe8ef0&amp;product_id=692
MOD DETAILS:
   modFile   : /home/demostrona/domains/demo.stronazen.pl/public_html/nasz/vqmod/xml/Auto-SEO-keywords-URL.xml
   id        : Auto SEO Keywords
   version   : 1
   vqmver    : 
   author    : Creative Ground
SEARCH NOT FOUND (ABORTING MOD): name="keyword"

----------------------------------------------------------------------


---------- Date: 2014-09-12 15:27:47 ~ IP : 46.175.230.17 ----------
REQUEST URI : /nasz/admin/index.php?route=catalog/product/update&amp;token=67253852e0bbda5bb226f1d9ccbe8ef0&amp;product_id=692
MOD DETAILS:
   modFile   : /home/demostrona/domains/demo.stronazen.pl/public_html/nasz/vqmod/xml/Auto-SEO-keywords-URL.xml
   id        : Auto SEO Keywords
   version   : 1
   vqmver    : 
   author    : Creative Ground
SEARCH NOT FOUND (ABORTING MOD): name="keyword"

----------------------------------------------------------------------


---------- Date: 2014-09-12 15:29:56 ~ IP : 46.175.230.17 ----------
REQUEST URI : /nasz/admin/index.php?route=catalog/product/update&amp;token=67253852e0bbda5bb226f1d9ccbe8ef0&amp;product_id=692
MOD DETAILS:
   modFile   : /home/demostrona/domains/demo.stronazen.pl/public_html/nasz/vqmod/xml/Auto-SEO-keywords-URL.xml
   id        : Auto SEO Keywords
   version   : 1
   vqmver    : 
   author    : Creative Ground
SEARCH NOT FOUND (ABORTING MOD): name="keyword"

----------------------------------------------------------------------


---------- Date: 2014-09-12 15:31:41 ~ IP : 46.175.230.17 ----------
REQUEST URI : /nasz/admin/index.php?route=catalog/product/update&amp;token=67253852e0bbda5bb226f1d9ccbe8ef0&amp;product_id=692
MOD DETAILS:
   modFile   : /home/demostrona/domains/demo.stronazen.pl/public_html/nasz/vqmod/xml/Auto-SEO-keywords-URL.xml
   id        : Auto SEO Keywords
   version   : 1
   vqmver    : 
   author    : Creative Ground
SEARCH NOT FOUND (ABORTING MOD): name="keyword"

----------------------------------------------------------------------


