---------- Date: 2014-09-15 10:38:45 ~ IP : 46.175.230.17 ----------
REQUEST URI : /nasz/admin/index.php?route=catalog/product/update&amp;token=59741071629d1e556796e100d948d35a&amp;product_id=696
MOD DETAILS:
   modFile   : /home/demostrona/domains/demo.stronazen.pl/public_html/nasz/vqmod/xml/Auto-SEO-keywords-URL.xml
   id        : Auto SEO Keywords
   version   : 1
   vqmver    : 
   author    : Creative Ground
SEARCH NOT FOUND (ABORTING MOD): name="keyword"

----------------------------------------------------------------------


---------- Date: 2014-09-15 14:36:27 ~ IP : 217.91.165.165 ----------
REQUEST URI : /nasz/admin/index.php?route=catalog/product/update&amp;token=40c7f1ccca121174328f0ab4ac7e4654&amp;product_id=515&amp;filter_status=1&amp;filter_status=1&amp;page=6
MOD DETAILS:
   modFile   : /home/demostrona/domains/demo.stronazen.pl/public_html/nasz/vqmod/xml/Auto-SEO-keywords-URL.xml
   id        : Auto SEO Keywords
   version   : 1
   vqmver    : 
   author    : Creative Ground
SEARCH NOT FOUND (ABORTING MOD): name="keyword"

----------------------------------------------------------------------


---------- Date: 2014-09-15 14:37:29 ~ IP : 217.91.165.165 ----------
REQUEST URI : /nasz/admin/index.php?route=catalog/product/update&amp;token=40c7f1ccca121174328f0ab4ac7e4654&amp;product_id=485&amp;filter_status=1&amp;filter_status=1&amp;page=6
MOD DETAILS:
   modFile   : /home/demostrona/domains/demo.stronazen.pl/public_html/nasz/vqmod/xml/Auto-SEO-keywords-URL.xml
   id        : Auto SEO Keywords
   version   : 1
   vqmver    : 
   author    : Creative Ground
SEARCH NOT FOUND (ABORTING MOD): name="keyword"

----------------------------------------------------------------------


---------- Date: 2014-09-15 14:38:03 ~ IP : 217.91.165.165 ----------
REQUEST URI : /nasz/admin/index.php?route=catalog/product/update&amp;token=40c7f1ccca121174328f0ab4ac7e4654&amp;product_id=656&amp;filter_status=1&amp;filter_status=1&amp;page=6
MOD DETAILS:
   modFile   : /home/demostrona/domains/demo.stronazen.pl/public_html/nasz/vqmod/xml/Auto-SEO-keywords-URL.xml
   id        : Auto SEO Keywords
   version   : 1
   vqmver    : 
   author    : Creative Ground
SEARCH NOT FOUND (ABORTING MOD): name="keyword"

----------------------------------------------------------------------


---------- Date: 2014-09-15 14:39:12 ~ IP : 217.91.165.165 ----------
REQUEST URI : /nasz/admin/index.php?route=catalog/product/update&amp;token=40c7f1ccca121174328f0ab4ac7e4654&amp;product_id=481&amp;filter_status=1&amp;filter_status=1&amp;page=6
MOD DETAILS:
   modFile   : /home/demostrona/domains/demo.stronazen.pl/public_html/nasz/vqmod/xml/Auto-SEO-keywords-URL.xml
   id        : Auto SEO Keywords
   version   : 1
   vqmver    : 
   author    : Creative Ground
SEARCH NOT FOUND (ABORTING MOD): name="keyword"

----------------------------------------------------------------------


---------- Date: 2014-09-15 14:39:31 ~ IP : 217.91.165.165 ----------
REQUEST URI : /nasz/admin/index.php?route=catalog/product/update&amp;token=40c7f1ccca121174328f0ab4ac7e4654&amp;product_id=507&amp;filter_status=1&amp;filter_status=1&amp;page=6
MOD DETAILS:
   modFile   : /home/demostrona/domains/demo.stronazen.pl/public_html/nasz/vqmod/xml/Auto-SEO-keywords-URL.xml
   id        : Auto SEO Keywords
   version   : 1
   vqmver    : 
   author    : Creative Ground
SEARCH NOT FOUND (ABORTING MOD): name="keyword"

----------------------------------------------------------------------


---------- Date: 2014-09-15 14:40:11 ~ IP : 217.91.165.165 ----------
REQUEST URI : /nasz/admin/index.php?route=catalog/product/update&amp;token=40c7f1ccca121174328f0ab4ac7e4654&amp;product_id=508&amp;filter_status=1&amp;filter_status=1&amp;page=6
MOD DETAILS:
   modFile   : /home/demostrona/domains/demo.stronazen.pl/public_html/nasz/vqmod/xml/Auto-SEO-keywords-URL.xml
   id        : Auto SEO Keywords
   version   : 1
   vqmver    : 
   author    : Creative Ground
SEARCH NOT FOUND (ABORTING MOD): name="keyword"

----------------------------------------------------------------------


---------- Date: 2014-09-15 14:40:48 ~ IP : 217.91.165.165 ----------
REQUEST URI : /nasz/admin/index.php?route=catalog/product/update&amp;token=40c7f1ccca121174328f0ab4ac7e4654&amp;product_id=505&amp;filter_status=1&amp;filter_status=1&amp;page=6
MOD DETAILS:
   modFile   : /home/demostrona/domains/demo.stronazen.pl/public_html/nasz/vqmod/xml/Auto-SEO-keywords-URL.xml
   id        : Auto SEO Keywords
   version   : 1
   vqmver    : 
   author    : Creative Ground
SEARCH NOT FOUND (ABORTING MOD): name="keyword"

----------------------------------------------------------------------


---------- Date: 2014-09-15 14:42:29 ~ IP : 217.91.165.165 ----------
REQUEST URI : /nasz/admin/index.php?route=catalog/product/update&amp;token=40c7f1ccca121174328f0ab4ac7e4654&amp;product_id=502&amp;filter_status=1&amp;filter_status=1&amp;page=6
MOD DETAILS:
   modFile   : /home/demostrona/domains/demo.stronazen.pl/public_html/nasz/vqmod/xml/Auto-SEO-keywords-URL.xml
   id        : Auto SEO Keywords
   version   : 1
   vqmver    : 
   author    : Creative Ground
SEARCH NOT FOUND (ABORTING MOD): name="keyword"

----------------------------------------------------------------------


---------- Date: 2014-09-15 14:42:54 ~ IP : 217.91.165.165 ----------
REQUEST URI : /nasz/admin/index.php?route=catalog/product/update&amp;token=40c7f1ccca121174328f0ab4ac7e4654&amp;product_id=501&amp;filter_status=1&amp;filter_status=1&amp;page=6
MOD DETAILS:
   modFile   : /home/demostrona/domains/demo.stronazen.pl/public_html/nasz/vqmod/xml/Auto-SEO-keywords-URL.xml
   id        : Auto SEO Keywords
   version   : 1
   vqmver    : 
   author    : Creative Ground
SEARCH NOT FOUND (ABORTING MOD): name="keyword"

----------------------------------------------------------------------


---------- Date: 2014-09-15 14:43:20 ~ IP : 217.91.165.165 ----------
REQUEST URI : /nasz/admin/index.php?route=catalog/product/update&amp;token=40c7f1ccca121174328f0ab4ac7e4654&amp;product_id=503&amp;filter_status=1&amp;filter_status=1&amp;page=6
MOD DETAILS:
   modFile   : /home/demostrona/domains/demo.stronazen.pl/public_html/nasz/vqmod/xml/Auto-SEO-keywords-URL.xml
   id        : Auto SEO Keywords
   version   : 1
   vqmver    : 
   author    : Creative Ground
SEARCH NOT FOUND (ABORTING MOD): name="keyword"

----------------------------------------------------------------------


---------- Date: 2014-09-15 14:43:42 ~ IP : 217.91.165.165 ----------
REQUEST URI : /nasz/admin/index.php?route=catalog/product/update&amp;token=40c7f1ccca121174328f0ab4ac7e4654&amp;product_id=504&amp;filter_status=1&amp;filter_status=1&amp;page=6
MOD DETAILS:
   modFile   : /home/demostrona/domains/demo.stronazen.pl/public_html/nasz/vqmod/xml/Auto-SEO-keywords-URL.xml
   id        : Auto SEO Keywords
   version   : 1
   vqmver    : 
   author    : Creative Ground
SEARCH NOT FOUND (ABORTING MOD): name="keyword"

----------------------------------------------------------------------


---------- Date: 2014-09-15 14:44:10 ~ IP : 217.91.165.165 ----------
REQUEST URI : /nasz/admin/index.php?route=catalog/product/update&amp;token=40c7f1ccca121174328f0ab4ac7e4654&amp;product_id=506&amp;filter_status=1&amp;filter_status=1&amp;page=6
MOD DETAILS:
   modFile   : /home/demostrona/domains/demo.stronazen.pl/public_html/nasz/vqmod/xml/Auto-SEO-keywords-URL.xml
   id        : Auto SEO Keywords
   version   : 1
   vqmver    : 
   author    : Creative Ground
SEARCH NOT FOUND (ABORTING MOD): name="keyword"

----------------------------------------------------------------------


---------- Date: 2014-09-15 14:44:41 ~ IP : 217.91.165.165 ----------
REQUEST URI : /nasz/admin/index.php?route=catalog/product/update&amp;token=40c7f1ccca121174328f0ab4ac7e4654&amp;product_id=510&amp;filter_status=1&amp;filter_status=1&amp;page=6
MOD DETAILS:
   modFile   : /home/demostrona/domains/demo.stronazen.pl/public_html/nasz/vqmod/xml/Auto-SEO-keywords-URL.xml
   id        : Auto SEO Keywords
   version   : 1
   vqmver    : 
   author    : Creative Ground
SEARCH NOT FOUND (ABORTING MOD): name="keyword"

----------------------------------------------------------------------


---------- Date: 2014-09-15 14:45:17 ~ IP : 217.91.165.165 ----------
REQUEST URI : /nasz/admin/index.php?route=catalog/product/update&amp;token=40c7f1ccca121174328f0ab4ac7e4654&amp;product_id=473&amp;filter_status=1&amp;filter_status=1&amp;page=6
MOD DETAILS:
   modFile   : /home/demostrona/domains/demo.stronazen.pl/public_html/nasz/vqmod/xml/Auto-SEO-keywords-URL.xml
   id        : Auto SEO Keywords
   version   : 1
   vqmver    : 
   author    : Creative Ground
SEARCH NOT FOUND (ABORTING MOD): name="keyword"

----------------------------------------------------------------------


---------- Date: 2014-09-15 14:45:40 ~ IP : 217.91.165.165 ----------
REQUEST URI : /nasz/admin/index.php?route=catalog/product/update&amp;token=40c7f1ccca121174328f0ab4ac7e4654&amp;product_id=472&amp;filter_status=1&amp;filter_status=1&amp;page=6
MOD DETAILS:
   modFile   : /home/demostrona/domains/demo.stronazen.pl/public_html/nasz/vqmod/xml/Auto-SEO-keywords-URL.xml
   id        : Auto SEO Keywords
   version   : 1
   vqmver    : 
   author    : Creative Ground
SEARCH NOT FOUND (ABORTING MOD): name="keyword"

----------------------------------------------------------------------


---------- Date: 2014-09-15 14:46:03 ~ IP : 217.91.165.165 ----------
REQUEST URI : /nasz/admin/index.php?route=catalog/product/update&amp;token=40c7f1ccca121174328f0ab4ac7e4654&amp;product_id=309&amp;filter_status=1&amp;filter_status=1&amp;page=6
MOD DETAILS:
   modFile   : /home/demostrona/domains/demo.stronazen.pl/public_html/nasz/vqmod/xml/Auto-SEO-keywords-URL.xml
   id        : Auto SEO Keywords
   version   : 1
   vqmver    : 
   author    : Creative Ground
SEARCH NOT FOUND (ABORTING MOD): name="keyword"

----------------------------------------------------------------------


---------- Date: 2014-09-15 14:46:26 ~ IP : 217.91.165.165 ----------
REQUEST URI : /nasz/admin/index.php?route=catalog/product/update&amp;token=40c7f1ccca121174328f0ab4ac7e4654&amp;product_id=310&amp;filter_status=1&amp;filter_status=1&amp;page=6
MOD DETAILS:
   modFile   : /home/demostrona/domains/demo.stronazen.pl/public_html/nasz/vqmod/xml/Auto-SEO-keywords-URL.xml
   id        : Auto SEO Keywords
   version   : 1
   vqmver    : 
   author    : Creative Ground
SEARCH NOT FOUND (ABORTING MOD): name="keyword"

----------------------------------------------------------------------


---------- Date: 2014-09-15 14:46:56 ~ IP : 217.91.165.165 ----------
REQUEST URI : /nasz/admin/index.php?route=catalog/product/update&amp;token=40c7f1ccca121174328f0ab4ac7e4654&amp;product_id=655&amp;filter_status=1&amp;filter_status=1&amp;page=6
MOD DETAILS:
   modFile   : /home/demostrona/domains/demo.stronazen.pl/public_html/nasz/vqmod/xml/Auto-SEO-keywords-URL.xml
   id        : Auto SEO Keywords
   version   : 1
   vqmver    : 
   author    : Creative Ground
SEARCH NOT FOUND (ABORTING MOD): name="keyword"

----------------------------------------------------------------------


---------- Date: 2014-09-15 14:48:16 ~ IP : 217.91.165.165 ----------
REQUEST URI : /nasz/admin/index.php?route=catalog/product/update&amp;token=40c7f1ccca121174328f0ab4ac7e4654&amp;product_id=306&amp;filter_status=1&amp;filter_status=1&amp;page=6
MOD DETAILS:
   modFile   : /home/demostrona/domains/demo.stronazen.pl/public_html/nasz/vqmod/xml/Auto-SEO-keywords-URL.xml
   id        : Auto SEO Keywords
   version   : 1
   vqmver    : 
   author    : Creative Ground
SEARCH NOT FOUND (ABORTING MOD): name="keyword"

----------------------------------------------------------------------


---------- Date: 2014-09-15 14:48:35 ~ IP : 217.91.165.165 ----------
REQUEST URI : /nasz/admin/index.php?route=catalog/product/update&amp;token=40c7f1ccca121174328f0ab4ac7e4654&amp;product_id=500&amp;filter_status=1&amp;filter_status=1&amp;page=6
MOD DETAILS:
   modFile   : /home/demostrona/domains/demo.stronazen.pl/public_html/nasz/vqmod/xml/Auto-SEO-keywords-URL.xml
   id        : Auto SEO Keywords
   version   : 1
   vqmver    : 
   author    : Creative Ground
SEARCH NOT FOUND (ABORTING MOD): name="keyword"

----------------------------------------------------------------------


---------- Date: 2014-09-15 14:49:12 ~ IP : 217.91.165.165 ----------
REQUEST URI : /nasz/admin/index.php?route=catalog/product/update&amp;token=40c7f1ccca121174328f0ab4ac7e4654&amp;product_id=499&amp;filter_status=1&amp;filter_status=1&amp;page=7
MOD DETAILS:
   modFile   : /home/demostrona/domains/demo.stronazen.pl/public_html/nasz/vqmod/xml/Auto-SEO-keywords-URL.xml
   id        : Auto SEO Keywords
   version   : 1
   vqmver    : 
   author    : Creative Ground
SEARCH NOT FOUND (ABORTING MOD): name="keyword"

----------------------------------------------------------------------


---------- Date: 2014-09-15 14:49:45 ~ IP : 217.91.165.165 ----------
REQUEST URI : /nasz/admin/index.php?route=catalog/product/update&amp;token=40c7f1ccca121174328f0ab4ac7e4654&amp;product_id=498&amp;filter_status=1&amp;filter_status=1&amp;page=7
MOD DETAILS:
   modFile   : /home/demostrona/domains/demo.stronazen.pl/public_html/nasz/vqmod/xml/Auto-SEO-keywords-URL.xml
   id        : Auto SEO Keywords
   version   : 1
   vqmver    : 
   author    : Creative Ground
SEARCH NOT FOUND (ABORTING MOD): name="keyword"

----------------------------------------------------------------------


---------- Date: 2014-09-15 14:50:45 ~ IP : 217.91.165.165 ----------
REQUEST URI : /nasz/admin/index.php?route=catalog/product/update&amp;token=40c7f1ccca121174328f0ab4ac7e4654&amp;product_id=373&amp;filter_status=1&amp;filter_status=1&amp;page=7
MOD DETAILS:
   modFile   : /home/demostrona/domains/demo.stronazen.pl/public_html/nasz/vqmod/xml/Auto-SEO-keywords-URL.xml
   id        : Auto SEO Keywords
   version   : 1
   vqmver    : 
   author    : Creative Ground
SEARCH NOT FOUND (ABORTING MOD): name="keyword"

----------------------------------------------------------------------


---------- Date: 2014-09-15 14:51:24 ~ IP : 217.91.165.165 ----------
REQUEST URI : /nasz/admin/index.php?route=catalog/product/update&amp;token=40c7f1ccca121174328f0ab4ac7e4654&amp;product_id=270&amp;filter_status=1&amp;filter_status=1&amp;page=7
MOD DETAILS:
   modFile   : /home/demostrona/domains/demo.stronazen.pl/public_html/nasz/vqmod/xml/Auto-SEO-keywords-URL.xml
   id        : Auto SEO Keywords
   version   : 1
   vqmver    : 
   author    : Creative Ground
SEARCH NOT FOUND (ABORTING MOD): name="keyword"

----------------------------------------------------------------------


---------- Date: 2014-09-15 14:51:52 ~ IP : 217.91.165.165 ----------
REQUEST URI : /nasz/admin/index.php?route=catalog/product/update&amp;token=40c7f1ccca121174328f0ab4ac7e4654&amp;product_id=292&amp;filter_status=1&amp;filter_status=1&amp;page=7
MOD DETAILS:
   modFile   : /home/demostrona/domains/demo.stronazen.pl/public_html/nasz/vqmod/xml/Auto-SEO-keywords-URL.xml
   id        : Auto SEO Keywords
   version   : 1
   vqmver    : 
   author    : Creative Ground
SEARCH NOT FOUND (ABORTING MOD): name="keyword"

----------------------------------------------------------------------


---------- Date: 2014-09-15 14:52:41 ~ IP : 217.91.165.165 ----------
REQUEST URI : /nasz/admin/index.php?route=catalog/product/update&amp;token=40c7f1ccca121174328f0ab4ac7e4654&amp;product_id=291&amp;filter_status=1&amp;filter_status=1&amp;page=7
MOD DETAILS:
   modFile   : /home/demostrona/domains/demo.stronazen.pl/public_html/nasz/vqmod/xml/Auto-SEO-keywords-URL.xml
   id        : Auto SEO Keywords
   version   : 1
   vqmver    : 
   author    : Creative Ground
SEARCH NOT FOUND (ABORTING MOD): name="keyword"

----------------------------------------------------------------------


---------- Date: 2014-09-15 14:53:10 ~ IP : 217.91.165.165 ----------
REQUEST URI : /nasz/admin/index.php?route=catalog/product/update&amp;token=40c7f1ccca121174328f0ab4ac7e4654&amp;product_id=291&amp;filter_status=1&amp;filter_status=1&amp;page=7
MOD DETAILS:
   modFile   : /home/demostrona/domains/demo.stronazen.pl/public_html/nasz/vqmod/xml/Auto-SEO-keywords-URL.xml
   id        : Auto SEO Keywords
   version   : 1
   vqmver    : 
   author    : Creative Ground
SEARCH NOT FOUND (ABORTING MOD): name="keyword"

----------------------------------------------------------------------


---------- Date: 2014-09-15 14:53:39 ~ IP : 217.91.165.165 ----------
REQUEST URI : /nasz/admin/index.php?route=catalog/product/update&amp;token=40c7f1ccca121174328f0ab4ac7e4654&amp;product_id=475&amp;filter_status=1&amp;filter_status=1&amp;page=7
MOD DETAILS:
   modFile   : /home/demostrona/domains/demo.stronazen.pl/public_html/nasz/vqmod/xml/Auto-SEO-keywords-URL.xml
   id        : Auto SEO Keywords
   version   : 1
   vqmver    : 
   author    : Creative Ground
SEARCH NOT FOUND (ABORTING MOD): name="keyword"

----------------------------------------------------------------------


---------- Date: 2014-09-15 14:55:07 ~ IP : 217.91.165.165 ----------
REQUEST URI : /nasz/admin/index.php?route=catalog/product/update&amp;token=40c7f1ccca121174328f0ab4ac7e4654&amp;product_id=514&amp;filter_status=1&amp;filter_status=1&amp;page=7
MOD DETAILS:
   modFile   : /home/demostrona/domains/demo.stronazen.pl/public_html/nasz/vqmod/xml/Auto-SEO-keywords-URL.xml
   id        : Auto SEO Keywords
   version   : 1
   vqmver    : 
   author    : Creative Ground
SEARCH NOT FOUND (ABORTING MOD): name="keyword"

----------------------------------------------------------------------


---------- Date: 2014-09-15 14:55:39 ~ IP : 217.91.165.165 ----------
REQUEST URI : /nasz/admin/index.php?route=catalog/product/update&amp;token=40c7f1ccca121174328f0ab4ac7e4654&amp;product_id=474&amp;filter_status=1&amp;filter_status=1&amp;page=7
MOD DETAILS:
   modFile   : /home/demostrona/domains/demo.stronazen.pl/public_html/nasz/vqmod/xml/Auto-SEO-keywords-URL.xml
   id        : Auto SEO Keywords
   version   : 1
   vqmver    : 
   author    : Creative Ground
SEARCH NOT FOUND (ABORTING MOD): name="keyword"

----------------------------------------------------------------------


---------- Date: 2014-09-15 14:56:12 ~ IP : 217.91.165.165 ----------
REQUEST URI : /nasz/admin/index.php?route=catalog/product/update&amp;token=40c7f1ccca121174328f0ab4ac7e4654&amp;product_id=494&amp;filter_status=1&amp;filter_status=1&amp;page=7
MOD DETAILS:
   modFile   : /home/demostrona/domains/demo.stronazen.pl/public_html/nasz/vqmod/xml/Auto-SEO-keywords-URL.xml
   id        : Auto SEO Keywords
   version   : 1
   vqmver    : 
   author    : Creative Ground
SEARCH NOT FOUND (ABORTING MOD): name="keyword"

----------------------------------------------------------------------


---------- Date: 2014-09-15 14:56:52 ~ IP : 217.91.165.165 ----------
REQUEST URI : /nasz/admin/index.php?route=catalog/product/update&amp;token=40c7f1ccca121174328f0ab4ac7e4654&amp;product_id=670&amp;filter_status=1&amp;filter_status=1&amp;page=7
MOD DETAILS:
   modFile   : /home/demostrona/domains/demo.stronazen.pl/public_html/nasz/vqmod/xml/Auto-SEO-keywords-URL.xml
   id        : Auto SEO Keywords
   version   : 1
   vqmver    : 
   author    : Creative Ground
SEARCH NOT FOUND (ABORTING MOD): name="keyword"

----------------------------------------------------------------------


---------- Date: 2014-09-15 14:58:15 ~ IP : 217.91.165.165 ----------
REQUEST URI : /nasz/admin/index.php?route=catalog/product/update&amp;token=40c7f1ccca121174328f0ab4ac7e4654&amp;product_id=3&amp;filter_status=1&amp;filter_status=1&amp;page=7
MOD DETAILS:
   modFile   : /home/demostrona/domains/demo.stronazen.pl/public_html/nasz/vqmod/xml/Auto-SEO-keywords-URL.xml
   id        : Auto SEO Keywords
   version   : 1
   vqmver    : 
   author    : Creative Ground
SEARCH NOT FOUND (ABORTING MOD): name="keyword"

----------------------------------------------------------------------


---------- Date: 2014-09-15 14:59:09 ~ IP : 217.91.165.165 ----------
REQUEST URI : /nasz/admin/index.php?route=catalog/product/update&amp;token=40c7f1ccca121174328f0ab4ac7e4654&amp;product_id=4&amp;filter_status=1&amp;filter_status=1&amp;page=7
MOD DETAILS:
   modFile   : /home/demostrona/domains/demo.stronazen.pl/public_html/nasz/vqmod/xml/Auto-SEO-keywords-URL.xml
   id        : Auto SEO Keywords
   version   : 1
   vqmver    : 
   author    : Creative Ground
SEARCH NOT FOUND (ABORTING MOD): name="keyword"

----------------------------------------------------------------------


---------- Date: 2014-09-15 14:59:54 ~ IP : 217.91.165.165 ----------
REQUEST URI : /nasz/admin/index.php?route=catalog/product/update&amp;token=40c7f1ccca121174328f0ab4ac7e4654&amp;product_id=5&amp;filter_status=1&amp;filter_status=1&amp;page=7
MOD DETAILS:
   modFile   : /home/demostrona/domains/demo.stronazen.pl/public_html/nasz/vqmod/xml/Auto-SEO-keywords-URL.xml
   id        : Auto SEO Keywords
   version   : 1
   vqmver    : 
   author    : Creative Ground
SEARCH NOT FOUND (ABORTING MOD): name="keyword"

----------------------------------------------------------------------


---------- Date: 2014-09-15 15:00:32 ~ IP : 217.91.165.165 ----------
REQUEST URI : /nasz/admin/index.php?route=catalog/product/update&amp;token=40c7f1ccca121174328f0ab4ac7e4654&amp;product_id=211&amp;filter_status=1&amp;filter_status=1&amp;page=7
MOD DETAILS:
   modFile   : /home/demostrona/domains/demo.stronazen.pl/public_html/nasz/vqmod/xml/Auto-SEO-keywords-URL.xml
   id        : Auto SEO Keywords
   version   : 1
   vqmver    : 
   author    : Creative Ground
SEARCH NOT FOUND (ABORTING MOD): name="keyword"

----------------------------------------------------------------------


---------- Date: 2014-09-15 15:00:57 ~ IP : 217.91.165.165 ----------
REQUEST URI : /nasz/admin/index.php?route=catalog/product/update&amp;token=40c7f1ccca121174328f0ab4ac7e4654&amp;product_id=212&amp;filter_status=1&amp;filter_status=1&amp;page=7
MOD DETAILS:
   modFile   : /home/demostrona/domains/demo.stronazen.pl/public_html/nasz/vqmod/xml/Auto-SEO-keywords-URL.xml
   id        : Auto SEO Keywords
   version   : 1
   vqmver    : 
   author    : Creative Ground
SEARCH NOT FOUND (ABORTING MOD): name="keyword"

----------------------------------------------------------------------


---------- Date: 2014-09-15 15:01:39 ~ IP : 217.91.165.165 ----------
REQUEST URI : /nasz/admin/index.php?route=catalog/product/update&amp;token=40c7f1ccca121174328f0ab4ac7e4654&amp;product_id=214&amp;filter_status=1&amp;filter_status=1&amp;page=7
MOD DETAILS:
   modFile   : /home/demostrona/domains/demo.stronazen.pl/public_html/nasz/vqmod/xml/Auto-SEO-keywords-URL.xml
   id        : Auto SEO Keywords
   version   : 1
   vqmver    : 
   author    : Creative Ground
SEARCH NOT FOUND (ABORTING MOD): name="keyword"

----------------------------------------------------------------------


---------- Date: 2014-09-15 15:02:07 ~ IP : 217.91.165.165 ----------
REQUEST URI : /nasz/admin/index.php?route=catalog/product/update&amp;token=40c7f1ccca121174328f0ab4ac7e4654&amp;product_id=217&amp;filter_status=1&amp;filter_status=1&amp;page=7
MOD DETAILS:
   modFile   : /home/demostrona/domains/demo.stronazen.pl/public_html/nasz/vqmod/xml/Auto-SEO-keywords-URL.xml
   id        : Auto SEO Keywords
   version   : 1
   vqmver    : 
   author    : Creative Ground
SEARCH NOT FOUND (ABORTING MOD): name="keyword"

----------------------------------------------------------------------


---------- Date: 2014-09-15 15:02:33 ~ IP : 217.91.165.165 ----------
REQUEST URI : /nasz/admin/index.php?route=catalog/product/update&amp;token=40c7f1ccca121174328f0ab4ac7e4654&amp;product_id=215&amp;filter_status=1&amp;filter_status=1&amp;page=7
MOD DETAILS:
   modFile   : /home/demostrona/domains/demo.stronazen.pl/public_html/nasz/vqmod/xml/Auto-SEO-keywords-URL.xml
   id        : Auto SEO Keywords
   version   : 1
   vqmver    : 
   author    : Creative Ground
SEARCH NOT FOUND (ABORTING MOD): name="keyword"

----------------------------------------------------------------------


---------- Date: 2014-09-15 15:03:00 ~ IP : 217.91.165.165 ----------
REQUEST URI : /nasz/admin/index.php?route=catalog/product/update&amp;token=40c7f1ccca121174328f0ab4ac7e4654&amp;product_id=216&amp;filter_status=1&amp;filter_status=1&amp;page=7
MOD DETAILS:
   modFile   : /home/demostrona/domains/demo.stronazen.pl/public_html/nasz/vqmod/xml/Auto-SEO-keywords-URL.xml
   id        : Auto SEO Keywords
   version   : 1
   vqmver    : 
   author    : Creative Ground
SEARCH NOT FOUND (ABORTING MOD): name="keyword"

----------------------------------------------------------------------


---------- Date: 2014-09-15 15:13:02 ~ IP : 217.91.165.165 ----------
REQUEST URI : /nasz/admin/index.php?route=catalog/product/update&amp;token=40c7f1ccca121174328f0ab4ac7e4654&amp;product_id=213&amp;filter_status=1&amp;filter_status=1&amp;page=8
MOD DETAILS:
   modFile   : /home/demostrona/domains/demo.stronazen.pl/public_html/nasz/vqmod/xml/Auto-SEO-keywords-URL.xml
   id        : Auto SEO Keywords
   version   : 1
   vqmver    : 
   author    : Creative Ground
SEARCH NOT FOUND (ABORTING MOD): name="keyword"

----------------------------------------------------------------------


---------- Date: 2014-09-15 15:15:24 ~ IP : 217.91.165.165 ----------
REQUEST URI : /nasz/admin/index.php?route=catalog/product/update&amp;token=40c7f1ccca121174328f0ab4ac7e4654&amp;product_id=219&amp;filter_status=1&amp;filter_status=1&amp;page=8
MOD DETAILS:
   modFile   : /home/demostrona/domains/demo.stronazen.pl/public_html/nasz/vqmod/xml/Auto-SEO-keywords-URL.xml
   id        : Auto SEO Keywords
   version   : 1
   vqmver    : 
   author    : Creative Ground
SEARCH NOT FOUND (ABORTING MOD): name="keyword"

----------------------------------------------------------------------


---------- Date: 2014-09-15 15:15:47 ~ IP : 217.91.165.165 ----------
REQUEST URI : /nasz/admin/index.php?route=catalog/product/update&amp;token=40c7f1ccca121174328f0ab4ac7e4654&amp;product_id=222&amp;filter_status=1&amp;filter_status=1&amp;page=8
MOD DETAILS:
   modFile   : /home/demostrona/domains/demo.stronazen.pl/public_html/nasz/vqmod/xml/Auto-SEO-keywords-URL.xml
   id        : Auto SEO Keywords
   version   : 1
   vqmver    : 
   author    : Creative Ground
SEARCH NOT FOUND (ABORTING MOD): name="keyword"

----------------------------------------------------------------------


---------- Date: 2014-09-15 15:16:45 ~ IP : 217.91.165.165 ----------
REQUEST URI : /nasz/admin/index.php?route=catalog/product/update&amp;token=40c7f1ccca121174328f0ab4ac7e4654&amp;product_id=223&amp;filter_status=1&amp;filter_status=1&amp;page=8
MOD DETAILS:
   modFile   : /home/demostrona/domains/demo.stronazen.pl/public_html/nasz/vqmod/xml/Auto-SEO-keywords-URL.xml
   id        : Auto SEO Keywords
   version   : 1
   vqmver    : 
   author    : Creative Ground
SEARCH NOT FOUND (ABORTING MOD): name="keyword"

----------------------------------------------------------------------


---------- Date: 2014-09-15 15:17:17 ~ IP : 217.91.165.165 ----------
REQUEST URI : /nasz/admin/index.php?route=catalog/product/update&amp;token=40c7f1ccca121174328f0ab4ac7e4654&amp;product_id=226&amp;filter_status=1&amp;filter_status=1&amp;page=8
MOD DETAILS:
   modFile   : /home/demostrona/domains/demo.stronazen.pl/public_html/nasz/vqmod/xml/Auto-SEO-keywords-URL.xml
   id        : Auto SEO Keywords
   version   : 1
   vqmver    : 
   author    : Creative Ground
SEARCH NOT FOUND (ABORTING MOD): name="keyword"

----------------------------------------------------------------------


---------- Date: 2014-09-15 15:17:37 ~ IP : 217.91.165.165 ----------
REQUEST URI : /nasz/admin/index.php?route=catalog/product/update&amp;token=40c7f1ccca121174328f0ab4ac7e4654&amp;product_id=221&amp;filter_status=1&amp;filter_status=1&amp;page=8
MOD DETAILS:
   modFile   : /home/demostrona/domains/demo.stronazen.pl/public_html/nasz/vqmod/xml/Auto-SEO-keywords-URL.xml
   id        : Auto SEO Keywords
   version   : 1
   vqmver    : 
   author    : Creative Ground
SEARCH NOT FOUND (ABORTING MOD): name="keyword"

----------------------------------------------------------------------


---------- Date: 2014-09-15 15:18:01 ~ IP : 217.91.165.165 ----------
REQUEST URI : /nasz/admin/index.php?route=catalog/product/update&amp;token=40c7f1ccca121174328f0ab4ac7e4654&amp;product_id=455&amp;filter_status=1&amp;filter_status=1&amp;page=8
MOD DETAILS:
   modFile   : /home/demostrona/domains/demo.stronazen.pl/public_html/nasz/vqmod/xml/Auto-SEO-keywords-URL.xml
   id        : Auto SEO Keywords
   version   : 1
   vqmver    : 
   author    : Creative Ground
SEARCH NOT FOUND (ABORTING MOD): name="keyword"

----------------------------------------------------------------------


---------- Date: 2014-09-15 15:18:32 ~ IP : 217.91.165.165 ----------
REQUEST URI : /nasz/admin/index.php?route=catalog/product/update&amp;token=40c7f1ccca121174328f0ab4ac7e4654&amp;product_id=224&amp;filter_status=1&amp;filter_status=1&amp;page=8
MOD DETAILS:
   modFile   : /home/demostrona/domains/demo.stronazen.pl/public_html/nasz/vqmod/xml/Auto-SEO-keywords-URL.xml
   id        : Auto SEO Keywords
   version   : 1
   vqmver    : 
   author    : Creative Ground
SEARCH NOT FOUND (ABORTING MOD): name="keyword"

----------------------------------------------------------------------


---------- Date: 2014-09-15 15:18:57 ~ IP : 217.91.165.165 ----------
REQUEST URI : /nasz/admin/index.php?route=catalog/product/update&amp;token=40c7f1ccca121174328f0ab4ac7e4654&amp;product_id=541&amp;filter_status=1&amp;filter_status=1&amp;page=8
MOD DETAILS:
   modFile   : /home/demostrona/domains/demo.stronazen.pl/public_html/nasz/vqmod/xml/Auto-SEO-keywords-URL.xml
   id        : Auto SEO Keywords
   version   : 1
   vqmver    : 
   author    : Creative Ground
SEARCH NOT FOUND (ABORTING MOD): name="keyword"

----------------------------------------------------------------------


---------- Date: 2014-09-15 15:20:11 ~ IP : 217.91.165.165 ----------
REQUEST URI : /nasz/admin/index.php?route=catalog/product/update&amp;token=40c7f1ccca121174328f0ab4ac7e4654&amp;product_id=244&amp;filter_status=1&amp;filter_status=1&amp;page=8
MOD DETAILS:
   modFile   : /home/demostrona/domains/demo.stronazen.pl/public_html/nasz/vqmod/xml/Auto-SEO-keywords-URL.xml
   id        : Auto SEO Keywords
   version   : 1
   vqmver    : 
   author    : Creative Ground
SEARCH NOT FOUND (ABORTING MOD): name="keyword"

----------------------------------------------------------------------


---------- Date: 2014-09-15 15:20:30 ~ IP : 217.91.165.165 ----------
REQUEST URI : /nasz/admin/index.php?route=catalog/product/update&amp;token=40c7f1ccca121174328f0ab4ac7e4654&amp;product_id=738&amp;filter_status=1&amp;filter_status=1&amp;page=8
MOD DETAILS:
   modFile   : /home/demostrona/domains/demo.stronazen.pl/public_html/nasz/vqmod/xml/Auto-SEO-keywords-URL.xml
   id        : Auto SEO Keywords
   version   : 1
   vqmver    : 
   author    : Creative Ground
SEARCH NOT FOUND (ABORTING MOD): name="keyword"

----------------------------------------------------------------------


---------- Date: 2014-09-15 15:20:56 ~ IP : 217.91.165.165 ----------
REQUEST URI : /nasz/admin/index.php?route=catalog/product/update&amp;token=40c7f1ccca121174328f0ab4ac7e4654&amp;product_id=319&amp;filter_status=1&amp;filter_status=1&amp;page=8
MOD DETAILS:
   modFile   : /home/demostrona/domains/demo.stronazen.pl/public_html/nasz/vqmod/xml/Auto-SEO-keywords-URL.xml
   id        : Auto SEO Keywords
   version   : 1
   vqmver    : 
   author    : Creative Ground
SEARCH NOT FOUND (ABORTING MOD): name="keyword"

----------------------------------------------------------------------


---------- Date: 2014-09-15 15:21:35 ~ IP : 217.91.165.165 ----------
REQUEST URI : /nasz/admin/index.php?route=catalog/product/update&amp;token=40c7f1ccca121174328f0ab4ac7e4654&amp;product_id=90&amp;filter_status=1&amp;filter_status=1&amp;page=8
MOD DETAILS:
   modFile   : /home/demostrona/domains/demo.stronazen.pl/public_html/nasz/vqmod/xml/Auto-SEO-keywords-URL.xml
   id        : Auto SEO Keywords
   version   : 1
   vqmver    : 
   author    : Creative Ground
SEARCH NOT FOUND (ABORTING MOD): name="keyword"

----------------------------------------------------------------------


---------- Date: 2014-09-15 15:22:06 ~ IP : 217.91.165.165 ----------
REQUEST URI : /nasz/admin/index.php?route=catalog/product/update&amp;token=40c7f1ccca121174328f0ab4ac7e4654&amp;product_id=378&amp;filter_status=1&amp;filter_status=1&amp;page=8
MOD DETAILS:
   modFile   : /home/demostrona/domains/demo.stronazen.pl/public_html/nasz/vqmod/xml/Auto-SEO-keywords-URL.xml
   id        : Auto SEO Keywords
   version   : 1
   vqmver    : 
   author    : Creative Ground
SEARCH NOT FOUND (ABORTING MOD): name="keyword"

----------------------------------------------------------------------


---------- Date: 2014-09-15 15:22:42 ~ IP : 217.91.165.165 ----------
REQUEST URI : /nasz/admin/index.php?route=catalog/product/update&amp;token=40c7f1ccca121174328f0ab4ac7e4654&amp;product_id=597&amp;filter_status=1&amp;filter_status=1&amp;page=8
MOD DETAILS:
   modFile   : /home/demostrona/domains/demo.stronazen.pl/public_html/nasz/vqmod/xml/Auto-SEO-keywords-URL.xml
   id        : Auto SEO Keywords
   version   : 1
   vqmver    : 
   author    : Creative Ground
SEARCH NOT FOUND (ABORTING MOD): name="keyword"

----------------------------------------------------------------------


---------- Date: 2014-09-15 15:23:18 ~ IP : 217.91.165.165 ----------
REQUEST URI : /nasz/admin/index.php?route=catalog/product/update&amp;token=40c7f1ccca121174328f0ab4ac7e4654&amp;product_id=580&amp;filter_status=1&amp;filter_status=1&amp;page=8
MOD DETAILS:
   modFile   : /home/demostrona/domains/demo.stronazen.pl/public_html/nasz/vqmod/xml/Auto-SEO-keywords-URL.xml
   id        : Auto SEO Keywords
   version   : 1
   vqmver    : 
   author    : Creative Ground
SEARCH NOT FOUND (ABORTING MOD): name="keyword"

----------------------------------------------------------------------


---------- Date: 2014-09-15 15:23:42 ~ IP : 217.91.165.165 ----------
REQUEST URI : /nasz/admin/index.php?route=catalog/product/update&amp;token=40c7f1ccca121174328f0ab4ac7e4654&amp;product_id=560&amp;filter_status=1&amp;filter_status=1&amp;page=8
MOD DETAILS:
   modFile   : /home/demostrona/domains/demo.stronazen.pl/public_html/nasz/vqmod/xml/Auto-SEO-keywords-URL.xml
   id        : Auto SEO Keywords
   version   : 1
   vqmver    : 
   author    : Creative Ground
SEARCH NOT FOUND (ABORTING MOD): name="keyword"

----------------------------------------------------------------------


---------- Date: 2014-09-15 15:24:18 ~ IP : 217.91.165.165 ----------
REQUEST URI : /nasz/admin/index.php?route=catalog/product/update&amp;token=40c7f1ccca121174328f0ab4ac7e4654&amp;product_id=560&amp;filter_status=1&amp;filter_status=1&amp;page=8
MOD DETAILS:
   modFile   : /home/demostrona/domains/demo.stronazen.pl/public_html/nasz/vqmod/xml/Auto-SEO-keywords-URL.xml
   id        : Auto SEO Keywords
   version   : 1
   vqmver    : 
   author    : Creative Ground
SEARCH NOT FOUND (ABORTING MOD): name="keyword"

----------------------------------------------------------------------


---------- Date: 2014-09-15 15:24:26 ~ IP : 217.91.165.165 ----------
REQUEST URI : /nasz/admin/index.php?route=catalog/product/update&amp;token=40c7f1ccca121174328f0ab4ac7e4654&amp;product_id=574&amp;filter_status=1&amp;filter_status=1&amp;page=8
MOD DETAILS:
   modFile   : /home/demostrona/domains/demo.stronazen.pl/public_html/nasz/vqmod/xml/Auto-SEO-keywords-URL.xml
   id        : Auto SEO Keywords
   version   : 1
   vqmver    : 
   author    : Creative Ground
SEARCH NOT FOUND (ABORTING MOD): name="keyword"

----------------------------------------------------------------------


---------- Date: 2014-09-15 15:24:59 ~ IP : 217.91.165.165 ----------
REQUEST URI : /nasz/admin/index.php?route=catalog/product/update&amp;token=40c7f1ccca121174328f0ab4ac7e4654&amp;product_id=598&amp;filter_status=1&amp;filter_status=1&amp;page=8
MOD DETAILS:
   modFile   : /home/demostrona/domains/demo.stronazen.pl/public_html/nasz/vqmod/xml/Auto-SEO-keywords-URL.xml
   id        : Auto SEO Keywords
   version   : 1
   vqmver    : 
   author    : Creative Ground
SEARCH NOT FOUND (ABORTING MOD): name="keyword"

----------------------------------------------------------------------


---------- Date: 2014-09-15 15:25:28 ~ IP : 217.91.165.165 ----------
REQUEST URI : /nasz/admin/index.php?route=catalog/product/update&amp;token=40c7f1ccca121174328f0ab4ac7e4654&amp;product_id=593&amp;filter_status=1&amp;filter_status=1&amp;page=8
MOD DETAILS:
   modFile   : /home/demostrona/domains/demo.stronazen.pl/public_html/nasz/vqmod/xml/Auto-SEO-keywords-URL.xml
   id        : Auto SEO Keywords
   version   : 1
   vqmver    : 
   author    : Creative Ground
SEARCH NOT FOUND (ABORTING MOD): name="keyword"

----------------------------------------------------------------------


---------- Date: 2014-09-15 15:45:12 ~ IP : 217.91.165.165 ----------
REQUEST URI : /nasz/admin/index.php?route=catalog/product/update&amp;token=40c7f1ccca121174328f0ab4ac7e4654&amp;product_id=85&amp;filter_status=1&amp;filter_status=1&amp;page=9
MOD DETAILS:
   modFile   : /home/demostrona/domains/demo.stronazen.pl/public_html/nasz/vqmod/xml/Auto-SEO-keywords-URL.xml
   id        : Auto SEO Keywords
   version   : 1
   vqmver    : 
   author    : Creative Ground
SEARCH NOT FOUND (ABORTING MOD): name="keyword"

----------------------------------------------------------------------


---------- Date: 2014-09-15 15:46:06 ~ IP : 217.91.165.165 ----------
REQUEST URI : /nasz/admin/index.php?route=catalog/product/update&amp;token=40c7f1ccca121174328f0ab4ac7e4654&amp;product_id=79&amp;filter_status=1&amp;filter_status=1&amp;page=9
MOD DETAILS:
   modFile   : /home/demostrona/domains/demo.stronazen.pl/public_html/nasz/vqmod/xml/Auto-SEO-keywords-URL.xml
   id        : Auto SEO Keywords
   version   : 1
   vqmver    : 
   author    : Creative Ground
SEARCH NOT FOUND (ABORTING MOD): name="keyword"

----------------------------------------------------------------------


---------- Date: 2014-09-15 15:46:35 ~ IP : 217.91.165.165 ----------
REQUEST URI : /nasz/admin/index.php?route=catalog/product/update&amp;token=40c7f1ccca121174328f0ab4ac7e4654&amp;product_id=80&amp;filter_status=1&amp;filter_status=1&amp;page=9
MOD DETAILS:
   modFile   : /home/demostrona/domains/demo.stronazen.pl/public_html/nasz/vqmod/xml/Auto-SEO-keywords-URL.xml
   id        : Auto SEO Keywords
   version   : 1
   vqmver    : 
   author    : Creative Ground
SEARCH NOT FOUND (ABORTING MOD): name="keyword"

----------------------------------------------------------------------


---------- Date: 2014-09-15 15:47:02 ~ IP : 217.91.165.165 ----------
REQUEST URI : /nasz/admin/index.php?route=catalog/product/update&amp;token=40c7f1ccca121174328f0ab4ac7e4654&amp;product_id=24&amp;filter_status=1&amp;filter_status=1&amp;page=9
MOD DETAILS:
   modFile   : /home/demostrona/domains/demo.stronazen.pl/public_html/nasz/vqmod/xml/Auto-SEO-keywords-URL.xml
   id        : Auto SEO Keywords
   version   : 1
   vqmver    : 
   author    : Creative Ground
SEARCH NOT FOUND (ABORTING MOD): name="keyword"

----------------------------------------------------------------------


---------- Date: 2014-09-15 15:47:29 ~ IP : 217.91.165.165 ----------
REQUEST URI : /nasz/admin/index.php?route=catalog/product/update&amp;token=40c7f1ccca121174328f0ab4ac7e4654&amp;product_id=565&amp;filter_status=1&amp;filter_status=1&amp;page=9
MOD DETAILS:
   modFile   : /home/demostrona/domains/demo.stronazen.pl/public_html/nasz/vqmod/xml/Auto-SEO-keywords-URL.xml
   id        : Auto SEO Keywords
   version   : 1
   vqmver    : 
   author    : Creative Ground
SEARCH NOT FOUND (ABORTING MOD): name="keyword"

----------------------------------------------------------------------


---------- Date: 2014-09-15 15:47:53 ~ IP : 217.91.165.165 ----------
REQUEST URI : /nasz/admin/index.php?route=catalog/product/update&amp;token=40c7f1ccca121174328f0ab4ac7e4654&amp;product_id=32&amp;filter_status=1&amp;filter_status=1&amp;page=9
MOD DETAILS:
   modFile   : /home/demostrona/domains/demo.stronazen.pl/public_html/nasz/vqmod/xml/Auto-SEO-keywords-URL.xml
   id        : Auto SEO Keywords
   version   : 1
   vqmver    : 
   author    : Creative Ground
SEARCH NOT FOUND (ABORTING MOD): name="keyword"

----------------------------------------------------------------------


---------- Date: 2014-09-15 15:48:15 ~ IP : 217.91.165.165 ----------
REQUEST URI : /nasz/admin/index.php?route=catalog/product/update&amp;token=40c7f1ccca121174328f0ab4ac7e4654&amp;product_id=558&amp;filter_status=1&amp;filter_status=1&amp;page=9
MOD DETAILS:
   modFile   : /home/demostrona/domains/demo.stronazen.pl/public_html/nasz/vqmod/xml/Auto-SEO-keywords-URL.xml
   id        : Auto SEO Keywords
   version   : 1
   vqmver    : 
   author    : Creative Ground
SEARCH NOT FOUND (ABORTING MOD): name="keyword"

----------------------------------------------------------------------


---------- Date: 2014-09-15 15:49:04 ~ IP : 217.91.165.165 ----------
REQUEST URI : /nasz/admin/index.php?route=catalog/product/update&amp;token=40c7f1ccca121174328f0ab4ac7e4654&amp;product_id=578&amp;filter_status=1&amp;filter_status=1&amp;page=9
MOD DETAILS:
   modFile   : /home/demostrona/domains/demo.stronazen.pl/public_html/nasz/vqmod/xml/Auto-SEO-keywords-URL.xml
   id        : Auto SEO Keywords
   version   : 1
   vqmver    : 
   author    : Creative Ground
SEARCH NOT FOUND (ABORTING MOD): name="keyword"

----------------------------------------------------------------------


---------- Date: 2014-09-15 15:49:45 ~ IP : 217.91.165.165 ----------
REQUEST URI : /nasz/admin/index.php?route=catalog/product/update&amp;token=40c7f1ccca121174328f0ab4ac7e4654&amp;product_id=30&amp;filter_status=1&amp;filter_status=1&amp;page=9
MOD DETAILS:
   modFile   : /home/demostrona/domains/demo.stronazen.pl/public_html/nasz/vqmod/xml/Auto-SEO-keywords-URL.xml
   id        : Auto SEO Keywords
   version   : 1
   vqmver    : 
   author    : Creative Ground
SEARCH NOT FOUND (ABORTING MOD): name="keyword"

----------------------------------------------------------------------


---------- Date: 2014-09-15 15:50:35 ~ IP : 217.91.165.165 ----------
REQUEST URI : /nasz/admin/index.php?route=catalog/product/update&amp;token=40c7f1ccca121174328f0ab4ac7e4654&amp;product_id=568&amp;filter_status=1&amp;filter_status=1&amp;page=9
MOD DETAILS:
   modFile   : /home/demostrona/domains/demo.stronazen.pl/public_html/nasz/vqmod/xml/Auto-SEO-keywords-URL.xml
   id        : Auto SEO Keywords
   version   : 1
   vqmver    : 
   author    : Creative Ground
SEARCH NOT FOUND (ABORTING MOD): name="keyword"

----------------------------------------------------------------------


---------- Date: 2014-09-15 15:51:16 ~ IP : 217.91.165.165 ----------
REQUEST URI : /nasz/admin/index.php?route=catalog/product/update&amp;token=40c7f1ccca121174328f0ab4ac7e4654&amp;product_id=34&amp;filter_status=1&amp;filter_status=1&amp;page=9
MOD DETAILS:
   modFile   : /home/demostrona/domains/demo.stronazen.pl/public_html/nasz/vqmod/xml/Auto-SEO-keywords-URL.xml
   id        : Auto SEO Keywords
   version   : 1
   vqmver    : 
   author    : Creative Ground
SEARCH NOT FOUND (ABORTING MOD): name="keyword"

----------------------------------------------------------------------


---------- Date: 2014-09-15 15:52:08 ~ IP : 217.91.165.165 ----------
REQUEST URI : /nasz/admin/index.php?route=catalog/product/update&amp;token=40c7f1ccca121174328f0ab4ac7e4654&amp;product_id=554&amp;filter_status=1&amp;filter_status=1&amp;page=9
MOD DETAILS:
   modFile   : /home/demostrona/domains/demo.stronazen.pl/public_html/nasz/vqmod/xml/Auto-SEO-keywords-URL.xml
   id        : Auto SEO Keywords
   version   : 1
   vqmver    : 
   author    : Creative Ground
SEARCH NOT FOUND (ABORTING MOD): name="keyword"

----------------------------------------------------------------------


---------- Date: 2014-09-15 15:53:28 ~ IP : 217.91.165.165 ----------
REQUEST URI : /nasz/admin/index.php?route=catalog/product/update&amp;token=40c7f1ccca121174328f0ab4ac7e4654&amp;product_id=601&amp;filter_status=1&amp;filter_status=1&amp;page=9
MOD DETAILS:
   modFile   : /home/demostrona/domains/demo.stronazen.pl/public_html/nasz/vqmod/xml/Auto-SEO-keywords-URL.xml
   id        : Auto SEO Keywords
   version   : 1
   vqmver    : 
   author    : Creative Ground
SEARCH NOT FOUND (ABORTING MOD): name="keyword"

----------------------------------------------------------------------


---------- Date: 2014-09-15 15:55:00 ~ IP : 217.91.165.165 ----------
REQUEST URI : /nasz/admin/index.php?route=catalog/product/update&amp;token=40c7f1ccca121174328f0ab4ac7e4654&amp;product_id=569&amp;filter_status=1&amp;filter_status=1&amp;page=9
MOD DETAILS:
   modFile   : /home/demostrona/domains/demo.stronazen.pl/public_html/nasz/vqmod/xml/Auto-SEO-keywords-URL.xml
   id        : Auto SEO Keywords
   version   : 1
   vqmver    : 
   author    : Creative Ground
SEARCH NOT FOUND (ABORTING MOD): name="keyword"

----------------------------------------------------------------------


---------- Date: 2014-09-15 15:55:31 ~ IP : 217.91.165.165 ----------
REQUEST URI : /nasz/admin/index.php?route=catalog/product/update&amp;token=40c7f1ccca121174328f0ab4ac7e4654&amp;product_id=599&amp;filter_status=1&amp;filter_status=1&amp;page=9
MOD DETAILS:
   modFile   : /home/demostrona/domains/demo.stronazen.pl/public_html/nasz/vqmod/xml/Auto-SEO-keywords-URL.xml
   id        : Auto SEO Keywords
   version   : 1
   vqmver    : 
   author    : Creative Ground
SEARCH NOT FOUND (ABORTING MOD): name="keyword"

----------------------------------------------------------------------


---------- Date: 2014-09-15 15:55:51 ~ IP : 217.91.165.165 ----------
REQUEST URI : /nasz/admin/index.php?route=catalog/product/update&amp;token=40c7f1ccca121174328f0ab4ac7e4654&amp;product_id=546&amp;filter_status=1&amp;filter_status=1&amp;page=9
MOD DETAILS:
   modFile   : /home/demostrona/domains/demo.stronazen.pl/public_html/nasz/vqmod/xml/Auto-SEO-keywords-URL.xml
   id        : Auto SEO Keywords
   version   : 1
   vqmver    : 
   author    : Creative Ground
SEARCH NOT FOUND (ABORTING MOD): name="keyword"

----------------------------------------------------------------------


---------- Date: 2014-09-15 15:56:16 ~ IP : 217.91.165.165 ----------
REQUEST URI : /nasz/admin/index.php?route=catalog/product/update&amp;token=40c7f1ccca121174328f0ab4ac7e4654&amp;product_id=583&amp;filter_status=1&amp;filter_status=1&amp;page=9
MOD DETAILS:
   modFile   : /home/demostrona/domains/demo.stronazen.pl/public_html/nasz/vqmod/xml/Auto-SEO-keywords-URL.xml
   id        : Auto SEO Keywords
   version   : 1
   vqmver    : 
   author    : Creative Ground
SEARCH NOT FOUND (ABORTING MOD): name="keyword"

----------------------------------------------------------------------


---------- Date: 2014-09-15 15:56:48 ~ IP : 217.91.165.165 ----------
REQUEST URI : /nasz/admin/index.php?route=catalog/product/update&amp;token=40c7f1ccca121174328f0ab4ac7e4654&amp;product_id=567&amp;filter_status=1&amp;filter_status=1&amp;page=9
MOD DETAILS:
   modFile   : /home/demostrona/domains/demo.stronazen.pl/public_html/nasz/vqmod/xml/Auto-SEO-keywords-URL.xml
   id        : Auto SEO Keywords
   version   : 1
   vqmver    : 
   author    : Creative Ground
SEARCH NOT FOUND (ABORTING MOD): name="keyword"

----------------------------------------------------------------------


---------- Date: 2014-09-15 15:57:12 ~ IP : 217.91.165.165 ----------
REQUEST URI : /nasz/admin/index.php?route=catalog/product/update&amp;token=40c7f1ccca121174328f0ab4ac7e4654&amp;product_id=566&amp;filter_status=1&amp;filter_status=1&amp;page=9
MOD DETAILS:
   modFile   : /home/demostrona/domains/demo.stronazen.pl/public_html/nasz/vqmod/xml/Auto-SEO-keywords-URL.xml
   id        : Auto SEO Keywords
   version   : 1
   vqmver    : 
   author    : Creative Ground
SEARCH NOT FOUND (ABORTING MOD): name="keyword"

----------------------------------------------------------------------


---------- Date: 2014-09-15 15:57:36 ~ IP : 217.91.165.165 ----------
REQUEST URI : /nasz/admin/index.php?route=catalog/product/update&amp;token=40c7f1ccca121174328f0ab4ac7e4654&amp;product_id=89&amp;filter_status=1&amp;filter_status=1&amp;page=9
MOD DETAILS:
   modFile   : /home/demostrona/domains/demo.stronazen.pl/public_html/nasz/vqmod/xml/Auto-SEO-keywords-URL.xml
   id        : Auto SEO Keywords
   version   : 1
   vqmver    : 
   author    : Creative Ground
SEARCH NOT FOUND (ABORTING MOD): name="keyword"

----------------------------------------------------------------------


---------- Date: 2014-09-15 15:58:01 ~ IP : 217.91.165.165 ----------
REQUEST URI : /nasz/admin/index.php?route=catalog/product/update&amp;token=40c7f1ccca121174328f0ab4ac7e4654&amp;product_id=547&amp;filter_status=1&amp;filter_status=1&amp;page=10
MOD DETAILS:
   modFile   : /home/demostrona/domains/demo.stronazen.pl/public_html/nasz/vqmod/xml/Auto-SEO-keywords-URL.xml
   id        : Auto SEO Keywords
   version   : 1
   vqmver    : 
   author    : Creative Ground
SEARCH NOT FOUND (ABORTING MOD): name="keyword"

----------------------------------------------------------------------


---------- Date: 2014-09-15 15:58:21 ~ IP : 217.91.165.165 ----------
REQUEST URI : /nasz/admin/index.php?route=catalog/product/update&amp;token=40c7f1ccca121174328f0ab4ac7e4654&amp;product_id=582&amp;filter_status=1&amp;filter_status=1&amp;page=10
MOD DETAILS:
   modFile   : /home/demostrona/domains/demo.stronazen.pl/public_html/nasz/vqmod/xml/Auto-SEO-keywords-URL.xml
   id        : Auto SEO Keywords
   version   : 1
   vqmver    : 
   author    : Creative Ground
SEARCH NOT FOUND (ABORTING MOD): name="keyword"

----------------------------------------------------------------------


---------- Date: 2014-09-15 15:58:50 ~ IP : 217.91.165.165 ----------
REQUEST URI : /nasz/admin/index.php?route=catalog/product/update&amp;token=40c7f1ccca121174328f0ab4ac7e4654&amp;product_id=38&amp;filter_status=1&amp;filter_status=1&amp;page=10
MOD DETAILS:
   modFile   : /home/demostrona/domains/demo.stronazen.pl/public_html/nasz/vqmod/xml/Auto-SEO-keywords-URL.xml
   id        : Auto SEO Keywords
   version   : 1
   vqmver    : 
   author    : Creative Ground
SEARCH NOT FOUND (ABORTING MOD): name="keyword"

----------------------------------------------------------------------


---------- Date: 2014-09-15 15:59:09 ~ IP : 217.91.165.165 ----------
REQUEST URI : /nasz/admin/index.php?route=catalog/product/update&amp;token=40c7f1ccca121174328f0ab4ac7e4654&amp;product_id=579&amp;filter_status=1&amp;filter_status=1&amp;page=10
MOD DETAILS:
   modFile   : /home/demostrona/domains/demo.stronazen.pl/public_html/nasz/vqmod/xml/Auto-SEO-keywords-URL.xml
   id        : Auto SEO Keywords
   version   : 1
   vqmver    : 
   author    : Creative Ground
SEARCH NOT FOUND (ABORTING MOD): name="keyword"

----------------------------------------------------------------------


---------- Date: 2014-09-15 15:59:30 ~ IP : 217.91.165.165 ----------
REQUEST URI : /nasz/admin/index.php?route=catalog/product/update&amp;token=40c7f1ccca121174328f0ab4ac7e4654&amp;product_id=573&amp;filter_status=1&amp;filter_status=1&amp;page=10
MOD DETAILS:
   modFile   : /home/demostrona/domains/demo.stronazen.pl/public_html/nasz/vqmod/xml/Auto-SEO-keywords-URL.xml
   id        : Auto SEO Keywords
   version   : 1
   vqmver    : 
   author    : Creative Ground
SEARCH NOT FOUND (ABORTING MOD): name="keyword"

----------------------------------------------------------------------


---------- Date: 2014-09-15 15:59:55 ~ IP : 217.91.165.165 ----------
REQUEST URI : /nasz/admin/index.php?route=catalog/product/update&amp;token=40c7f1ccca121174328f0ab4ac7e4654&amp;product_id=584&amp;filter_status=1&amp;filter_status=1&amp;page=10
MOD DETAILS:
   modFile   : /home/demostrona/domains/demo.stronazen.pl/public_html/nasz/vqmod/xml/Auto-SEO-keywords-URL.xml
   id        : Auto SEO Keywords
   version   : 1
   vqmver    : 
   author    : Creative Ground
SEARCH NOT FOUND (ABORTING MOD): name="keyword"

----------------------------------------------------------------------


---------- Date: 2014-09-15 16:03:13 ~ IP : 217.91.165.165 ----------
REQUEST URI : /nasz/admin/index.php?route=catalog/product/update&amp;token=40c7f1ccca121174328f0ab4ac7e4654&amp;product_id=551&amp;filter_status=1&amp;filter_status=1&amp;page=10
MOD DETAILS:
   modFile   : /home/demostrona/domains/demo.stronazen.pl/public_html/nasz/vqmod/xml/Auto-SEO-keywords-URL.xml
   id        : Auto SEO Keywords
   version   : 1
   vqmver    : 
   author    : Creative Ground
SEARCH NOT FOUND (ABORTING MOD): name="keyword"

----------------------------------------------------------------------


---------- Date: 2014-09-15 16:03:35 ~ IP : 217.91.165.165 ----------
REQUEST URI : /nasz/admin/index.php?route=catalog/product/update&amp;token=40c7f1ccca121174328f0ab4ac7e4654&amp;product_id=571&amp;filter_status=1&amp;filter_status=1&amp;page=10
MOD DETAILS:
   modFile   : /home/demostrona/domains/demo.stronazen.pl/public_html/nasz/vqmod/xml/Auto-SEO-keywords-URL.xml
   id        : Auto SEO Keywords
   version   : 1
   vqmver    : 
   author    : Creative Ground
SEARCH NOT FOUND (ABORTING MOD): name="keyword"

----------------------------------------------------------------------


---------- Date: 2014-09-15 16:04:01 ~ IP : 217.91.165.165 ----------
REQUEST URI : /nasz/admin/index.php?route=catalog/product/update&amp;token=40c7f1ccca121174328f0ab4ac7e4654&amp;product_id=84&amp;filter_status=1&amp;filter_status=1&amp;page=10
MOD DETAILS:
   modFile   : /home/demostrona/domains/demo.stronazen.pl/public_html/nasz/vqmod/xml/Auto-SEO-keywords-URL.xml
   id        : Auto SEO Keywords
   version   : 1
   vqmver    : 
   author    : Creative Ground
SEARCH NOT FOUND (ABORTING MOD): name="keyword"

----------------------------------------------------------------------


---------- Date: 2014-09-15 16:04:35 ~ IP : 217.91.165.165 ----------
REQUEST URI : /nasz/admin/index.php?route=catalog/product/update&amp;token=40c7f1ccca121174328f0ab4ac7e4654&amp;product_id=575&amp;filter_status=1&amp;filter_status=1&amp;page=10
MOD DETAILS:
   modFile   : /home/demostrona/domains/demo.stronazen.pl/public_html/nasz/vqmod/xml/Auto-SEO-keywords-URL.xml
   id        : Auto SEO Keywords
   version   : 1
   vqmver    : 
   author    : Creative Ground
SEARCH NOT FOUND (ABORTING MOD): name="keyword"

----------------------------------------------------------------------


---------- Date: 2014-09-15 16:05:06 ~ IP : 217.91.165.165 ----------
REQUEST URI : /nasz/admin/index.php?route=catalog/product/update&amp;token=40c7f1ccca121174328f0ab4ac7e4654&amp;product_id=587&amp;filter_status=1&amp;filter_status=1&amp;page=10
MOD DETAILS:
   modFile   : /home/demostrona/domains/demo.stronazen.pl/public_html/nasz/vqmod/xml/Auto-SEO-keywords-URL.xml
   id        : Auto SEO Keywords
   version   : 1
   vqmver    : 
   author    : Creative Ground
SEARCH NOT FOUND (ABORTING MOD): name="keyword"

----------------------------------------------------------------------


---------- Date: 2014-09-15 16:05:39 ~ IP : 217.91.165.165 ----------
REQUEST URI : /nasz/admin/index.php?route=catalog/product/update&amp;token=40c7f1ccca121174328f0ab4ac7e4654&amp;product_id=588&amp;filter_status=1&amp;filter_status=1&amp;page=10
MOD DETAILS:
   modFile   : /home/demostrona/domains/demo.stronazen.pl/public_html/nasz/vqmod/xml/Auto-SEO-keywords-URL.xml
   id        : Auto SEO Keywords
   version   : 1
   vqmver    : 
   author    : Creative Ground
SEARCH NOT FOUND (ABORTING MOD): name="keyword"

----------------------------------------------------------------------


---------- Date: 2014-09-15 16:06:02 ~ IP : 217.91.165.165 ----------
REQUEST URI : /nasz/admin/index.php?route=catalog/product/update&amp;token=40c7f1ccca121174328f0ab4ac7e4654&amp;product_id=600&amp;filter_status=1&amp;filter_status=1&amp;page=10
MOD DETAILS:
   modFile   : /home/demostrona/domains/demo.stronazen.pl/public_html/nasz/vqmod/xml/Auto-SEO-keywords-URL.xml
   id        : Auto SEO Keywords
   version   : 1
   vqmver    : 
   author    : Creative Ground
SEARCH NOT FOUND (ABORTING MOD): name="keyword"

----------------------------------------------------------------------


---------- Date: 2014-09-15 16:06:34 ~ IP : 217.91.165.165 ----------
REQUEST URI : /nasz/admin/index.php?route=catalog/product/update&amp;token=40c7f1ccca121174328f0ab4ac7e4654&amp;product_id=22&amp;filter_status=1&amp;filter_status=1&amp;page=10
MOD DETAILS:
   modFile   : /home/demostrona/domains/demo.stronazen.pl/public_html/nasz/vqmod/xml/Auto-SEO-keywords-URL.xml
   id        : Auto SEO Keywords
   version   : 1
   vqmver    : 
   author    : Creative Ground
SEARCH NOT FOUND (ABORTING MOD): name="keyword"

----------------------------------------------------------------------


---------- Date: 2014-09-15 16:07:00 ~ IP : 217.91.165.165 ----------
REQUEST URI : /nasz/admin/index.php?route=catalog/product/update&amp;token=40c7f1ccca121174328f0ab4ac7e4654&amp;product_id=563&amp;filter_status=1&amp;filter_status=1&amp;page=10
MOD DETAILS:
   modFile   : /home/demostrona/domains/demo.stronazen.pl/public_html/nasz/vqmod/xml/Auto-SEO-keywords-URL.xml
   id        : Auto SEO Keywords
   version   : 1
   vqmver    : 
   author    : Creative Ground
SEARCH NOT FOUND (ABORTING MOD): name="keyword"

----------------------------------------------------------------------


---------- Date: 2014-09-15 16:07:31 ~ IP : 217.91.165.165 ----------
REQUEST URI : /nasz/admin/index.php?route=catalog/product/update&amp;token=40c7f1ccca121174328f0ab4ac7e4654&amp;product_id=18&amp;filter_status=1&amp;filter_status=1&amp;page=10
MOD DETAILS:
   modFile   : /home/demostrona/domains/demo.stronazen.pl/public_html/nasz/vqmod/xml/Auto-SEO-keywords-URL.xml
   id        : Auto SEO Keywords
   version   : 1
   vqmver    : 
   author    : Creative Ground
SEARCH NOT FOUND (ABORTING MOD): name="keyword"

----------------------------------------------------------------------


---------- Date: 2014-09-15 16:07:57 ~ IP : 217.91.165.165 ----------
REQUEST URI : /nasz/admin/index.php?route=catalog/product/update&amp;token=40c7f1ccca121174328f0ab4ac7e4654&amp;product_id=93&amp;filter_status=1&amp;filter_status=1&amp;page=10
MOD DETAILS:
   modFile   : /home/demostrona/domains/demo.stronazen.pl/public_html/nasz/vqmod/xml/Auto-SEO-keywords-URL.xml
   id        : Auto SEO Keywords
   version   : 1
   vqmver    : 
   author    : Creative Ground
SEARCH NOT FOUND (ABORTING MOD): name="keyword"

----------------------------------------------------------------------


---------- Date: 2014-09-15 16:08:44 ~ IP : 217.91.165.165 ----------
REQUEST URI : /nasz/admin/index.php?route=catalog/product/update&amp;token=40c7f1ccca121174328f0ab4ac7e4654&amp;product_id=589&amp;filter_status=1&amp;filter_status=1&amp;page=10
MOD DETAILS:
   modFile   : /home/demostrona/domains/demo.stronazen.pl/public_html/nasz/vqmod/xml/Auto-SEO-keywords-URL.xml
   id        : Auto SEO Keywords
   version   : 1
   vqmver    : 
   author    : Creative Ground
SEARCH NOT FOUND (ABORTING MOD): name="keyword"

----------------------------------------------------------------------


---------- Date: 2014-09-15 16:09:16 ~ IP : 217.91.165.165 ----------
REQUEST URI : /nasz/admin/index.php?route=catalog/product/update&amp;token=40c7f1ccca121174328f0ab4ac7e4654&amp;product_id=590&amp;filter_status=1&amp;filter_status=1&amp;page=10
MOD DETAILS:
   modFile   : /home/demostrona/domains/demo.stronazen.pl/public_html/nasz/vqmod/xml/Auto-SEO-keywords-URL.xml
   id        : Auto SEO Keywords
   version   : 1
   vqmver    : 
   author    : Creative Ground
SEARCH NOT FOUND (ABORTING MOD): name="keyword"

----------------------------------------------------------------------


---------- Date: 2014-09-15 16:09:37 ~ IP : 217.91.165.165 ----------
REQUEST URI : /nasz/admin/index.php?route=catalog/product/update&amp;token=40c7f1ccca121174328f0ab4ac7e4654&amp;product_id=36&amp;filter_status=1&amp;filter_status=1&amp;page=10
MOD DETAILS:
   modFile   : /home/demostrona/domains/demo.stronazen.pl/public_html/nasz/vqmod/xml/Auto-SEO-keywords-URL.xml
   id        : Auto SEO Keywords
   version   : 1
   vqmver    : 
   author    : Creative Ground
SEARCH NOT FOUND (ABORTING MOD): name="keyword"

----------------------------------------------------------------------


