---------- Date: 2014-09-17 12:48:43 ~ IP : 127.0.0.1 ----------
REQUEST URI : /nasz/admin/index.php?route=catalog/category/update&amp;token=bb702d04cdb091859c92875468c7a1a5&amp;category_id=6
MOD DETAILS:
   modFile   : G:\xampp\htdocs\nasz\vqmod/xml/Auto-SEO-keywords-URL.xml
   id        : Auto SEO Keywords
   version   : 1
   vqmver    : 
   author    : Creative Ground
SEARCH NOT FOUND (ABORTING MOD): name="keyword"

----------------------------------------------------------------------


---------- Date: 2014-09-17 12:49:54 ~ IP : 127.0.0.1 ----------
REQUEST URI : /nasz/admin/index.php?route=catalog/category/update&amp;token=bb702d04cdb091859c92875468c7a1a5&amp;category_id=6
MOD DETAILS:
   modFile   : G:\xampp\htdocs\nasz\vqmod/xml/Auto-SEO-keywords-URL.xml
   id        : Auto SEO Keywords
   version   : 1
   vqmver    : 
   author    : Creative Ground
SEARCH NOT FOUND (ABORTING MOD): name="keyword"

----------------------------------------------------------------------


---------- Date: 2014-09-17 12:50:39 ~ IP : 127.0.0.1 ----------
REQUEST URI : /nasz/admin/index.php?route=catalog/category/update&amp;token=bb702d04cdb091859c92875468c7a1a5&amp;category_id=6
MOD DETAILS:
   modFile   : G:\xampp\htdocs\nasz\vqmod/xml/Auto-SEO-keywords-URL.xml
   id        : Auto SEO Keywords
   version   : 1
   vqmver    : 
   author    : Creative Ground
SEARCH NOT FOUND (ABORTING MOD): name="keyword"

----------------------------------------------------------------------


---------- Date: 2014-09-17 13:22:03 ~ IP : 127.0.0.1 ----------
REQUEST URI : /nasz/admin/index.php?route=catalog/category/update&amp;token=bb702d04cdb091859c92875468c7a1a5&amp;category_id=6
MOD DETAILS:
   modFile   : G:\xampp\htdocs\nasz\vqmod/xml/Auto-SEO-keywords-URL.xml
   id        : Auto SEO Keywords
   version   : 1
   vqmver    : 
   author    : Creative Ground
SEARCH NOT FOUND (ABORTING MOD): name="keyword"

----------------------------------------------------------------------


---------- Date: 2014-09-17 13:22:21 ~ IP : 127.0.0.1 ----------
REQUEST URI : /nasz/admin/index.php?route=catalog/category/update&amp;token=bb702d04cdb091859c92875468c7a1a5&amp;category_id=6
MOD DETAILS:
   modFile   : G:\xampp\htdocs\nasz\vqmod/xml/Auto-SEO-keywords-URL.xml
   id        : Auto SEO Keywords
   version   : 1
   vqmver    : 
   author    : Creative Ground
SEARCH NOT FOUND (ABORTING MOD): name="keyword"

----------------------------------------------------------------------


---------- Date: 2014-09-17 13:24:06 ~ IP : 127.0.0.1 ----------
REQUEST URI : /nasz/admin/index.php?route=catalog/category/update&amp;token=bb702d04cdb091859c92875468c7a1a5&amp;category_id=44
MOD DETAILS:
   modFile   : G:\xampp\htdocs\nasz\vqmod/xml/Auto-SEO-keywords-URL.xml
   id        : Auto SEO Keywords
   version   : 1
   vqmver    : 
   author    : Creative Ground
SEARCH NOT FOUND (ABORTING MOD): name="keyword"

----------------------------------------------------------------------


---------- Date: 2014-09-17 13:53:40 ~ IP : 127.0.0.1 ----------
REQUEST URI : /nasz/admin/index.php?route=catalog/category/update&amp;token=bb702d04cdb091859c92875468c7a1a5&amp;category_id=7
MOD DETAILS:
   modFile   : G:\xampp\htdocs\nasz\vqmod/xml/vqmod_profiler.xml
   id        : OpenCart profiler
   version   : 1.0
   vqmver    : 1
   author    : Alexander Toporkov (toporchillo@gmail.com)
SEARCH NOT FOUND (ABORTING MOD): $controller->$method($args);

----------------------------------------------------------------------


---------- Date: 2014-09-17 14:02:05 ~ IP : 127.0.0.1 ----------
REQUEST URI : /nasz/admin/index.php?route=catalog/category/update&amp;token=bb702d04cdb091859c92875468c7a1a5&amp;category_id=7
MOD DETAILS:
   modFile   : G:\xampp\htdocs\nasz\vqmod/xml/Auto-SEO-keywords-URL.xml
   id        : Auto SEO Keywords
   version   : 1
   vqmver    : 
   author    : Creative Ground
SEARCH NOT FOUND (ABORTING MOD): name="keyword"

----------------------------------------------------------------------


---------- Date: 2014-09-17 14:20:04 ~ IP : 127.0.0.1 ----------
REQUEST URI : /nasz/admin/index.php?route=catalog/category/update&amp;token=bb702d04cdb091859c92875468c7a1a5&amp;category_id=7
MOD DETAILS:
   modFile   : G:\xampp\htdocs\nasz\vqmod/xml/Auto-SEO-keywords-URL.xml
   id        : Auto SEO Keywords
   version   : 1
   vqmver    : 
   author    : Creative Ground
SEARCH NOT FOUND (ABORTING MOD): name="keyword"

----------------------------------------------------------------------


---------- Date: 2014-09-17 14:20:08 ~ IP : 127.0.0.1 ----------
REQUEST URI : /nasz/admin/index.php?route=catalog/category/update&amp;token=bb702d04cdb091859c92875468c7a1a5&amp;category_id=7
MOD DETAILS:
   modFile   : G:\xampp\htdocs\nasz\vqmod/xml/Auto-SEO-keywords-URL.xml
   id        : Auto SEO Keywords
   version   : 1
   vqmver    : 
   author    : Creative Ground
SEARCH NOT FOUND (ABORTING MOD): name="keyword"

----------------------------------------------------------------------


---------- Date: 2014-09-17 15:06:53 ~ IP : 127.0.0.1 ----------
REQUEST URI : /nasz/admin/index.php?route=catalog/product/update&amp;token=bb702d04cdb091859c92875468c7a1a5&amp;product_id=389
MOD DETAILS:
   modFile   : G:\xampp\htdocs\nasz\vqmod/xml/Auto-SEO-keywords-URL.xml
   id        : Auto SEO Keywords
   version   : 1
   vqmver    : 
   author    : Creative Ground
SEARCH NOT FOUND (ABORTING MOD): name="keyword"

----------------------------------------------------------------------


---------- Date: 2014-09-17 15:07:21 ~ IP : 127.0.0.1 ----------
REQUEST URI : /nasz/admin/index.php?route=catalog/product/update&amp;token=bb702d04cdb091859c92875468c7a1a5&amp;product_id=389
MOD DETAILS:
   modFile   : G:\xampp\htdocs\nasz\vqmod/xml/Auto-SEO-keywords-URL.xml
   id        : Auto SEO Keywords
   version   : 1
   vqmver    : 
   author    : Creative Ground
SEARCH NOT FOUND (ABORTING MOD): name="keyword"

----------------------------------------------------------------------


---------- Date: 2014-09-17 15:08:25 ~ IP : 127.0.0.1 ----------
REQUEST URI : /nasz/admin/index.php?route=catalog/product/update&amp;token=bb702d04cdb091859c92875468c7a1a5&amp;product_id=389
MOD DETAILS:
   modFile   : G:\xampp\htdocs\nasz\vqmod/xml/Auto-SEO-keywords-URL.xml
   id        : Auto SEO Keywords
   version   : 1
   vqmver    : 
   author    : Creative Ground
SEARCH NOT FOUND (ABORTING MOD): name="keyword"

----------------------------------------------------------------------


---------- Date: 2014-09-17 15:22:45 ~ IP : 127.0.0.1 ----------
REQUEST URI : /nasz/admin/index.php?route=catalog/product/update&amp;token=bb702d04cdb091859c92875468c7a1a5&amp;product_id=389
MOD DETAILS:
   modFile   : G:\xampp\htdocs\nasz\vqmod/xml/Auto-SEO-keywords-URL.xml
   id        : Auto SEO Keywords
   version   : 1
   vqmver    : 
   author    : Creative Ground
SEARCH NOT FOUND (ABORTING MOD): name="keyword"

----------------------------------------------------------------------


---------- Date: 2014-09-17 15:23:31 ~ IP : 127.0.0.1 ----------
REQUEST URI : /nasz/admin/index.php?route=catalog/product/update&amp;token=bb702d04cdb091859c92875468c7a1a5&amp;product_id=389
MOD DETAILS:
   modFile   : G:\xampp\htdocs\nasz\vqmod/xml/Auto-SEO-keywords-URL.xml
   id        : Auto SEO Keywords
   version   : 1
   vqmver    : 
   author    : Creative Ground
SEARCH NOT FOUND (ABORTING MOD): name="keyword"

----------------------------------------------------------------------


---------- Date: 2014-09-17 15:23:45 ~ IP : 127.0.0.1 ----------
REQUEST URI : /nasz/admin/index.php?route=catalog/product/update&amp;token=bb702d04cdb091859c92875468c7a1a5&amp;product_id=389
MOD DETAILS:
   modFile   : G:\xampp\htdocs\nasz\vqmod/xml/Auto-SEO-keywords-URL.xml
   id        : Auto SEO Keywords
   version   : 1
   vqmver    : 
   author    : Creative Ground
SEARCH NOT FOUND (ABORTING MOD): name="keyword"

----------------------------------------------------------------------


---------- Date: 2014-09-17 15:29:43 ~ IP : 127.0.0.1 ----------
REQUEST URI : /nasz/admin/index.php?route=catalog/product/update&amp;token=bb702d04cdb091859c92875468c7a1a5&amp;product_id=389
MOD DETAILS:
   modFile   : G:\xampp\htdocs\nasz\vqmod/xml/Auto-SEO-keywords-URL.xml
   id        : Auto SEO Keywords
   version   : 1
   vqmver    : 
   author    : Creative Ground
SEARCH NOT FOUND (ABORTING MOD): name="keyword"

----------------------------------------------------------------------


---------- Date: 2014-09-17 15:30:15 ~ IP : 127.0.0.1 ----------
REQUEST URI : /nasz/admin/index.php?route=catalog/product/update&amp;token=bb702d04cdb091859c92875468c7a1a5&amp;product_id=389
MOD DETAILS:
   modFile   : G:\xampp\htdocs\nasz\vqmod/xml/Auto-SEO-keywords-URL.xml
   id        : Auto SEO Keywords
   version   : 1
   vqmver    : 
   author    : Creative Ground
SEARCH NOT FOUND (ABORTING MOD): name="keyword"

----------------------------------------------------------------------


---------- Date: 2014-09-17 15:30:36 ~ IP : 127.0.0.1 ----------
REQUEST URI : /nasz/admin/index.php?route=catalog/product/update&amp;token=bb702d04cdb091859c92875468c7a1a5&amp;product_id=389
MOD DETAILS:
   modFile   : G:\xampp\htdocs\nasz\vqmod/xml/Auto-SEO-keywords-URL.xml
   id        : Auto SEO Keywords
   version   : 1
   vqmver    : 
   author    : Creative Ground
SEARCH NOT FOUND (ABORTING MOD): name="keyword"

----------------------------------------------------------------------


---------- Date: 2014-09-17 15:30:56 ~ IP : 127.0.0.1 ----------
REQUEST URI : /nasz/admin/index.php?route=catalog/product/update&amp;token=bb702d04cdb091859c92875468c7a1a5&amp;product_id=389
MOD DETAILS:
   modFile   : G:\xampp\htdocs\nasz\vqmod/xml/Auto-SEO-keywords-URL.xml
   id        : Auto SEO Keywords
   version   : 1
   vqmver    : 
   author    : Creative Ground
SEARCH NOT FOUND (ABORTING MOD): name="keyword"

----------------------------------------------------------------------


---------- Date: 2014-09-17 15:33:26 ~ IP : 127.0.0.1 ----------
REQUEST URI : /nasz/admin/index.php?route=catalog/product/update&amp;token=bb702d04cdb091859c92875468c7a1a5&amp;product_id=389
MOD DETAILS:
   modFile   : G:\xampp\htdocs\nasz\vqmod/xml/Auto-SEO-keywords-URL.xml
   id        : Auto SEO Keywords
   version   : 1
   vqmver    : 
   author    : Creative Ground
SEARCH NOT FOUND (ABORTING MOD): name="keyword"

----------------------------------------------------------------------


---------- Date: 2014-09-17 15:34:17 ~ IP : 127.0.0.1 ----------
REQUEST URI : /nasz/admin/index.php?route=catalog/product/update&amp;token=bb702d04cdb091859c92875468c7a1a5&amp;product_id=389
MOD DETAILS:
   modFile   : G:\xampp\htdocs\nasz\vqmod/xml/Auto-SEO-keywords-URL.xml
   id        : Auto SEO Keywords
   version   : 1
   vqmver    : 
   author    : Creative Ground
SEARCH NOT FOUND (ABORTING MOD): name="keyword"

----------------------------------------------------------------------


---------- Date: 2014-09-17 15:44:43 ~ IP : 127.0.0.1 ----------
REQUEST URI : /nasz/admin/index.php?route=catalog/category/update&amp;token=bb702d04cdb091859c92875468c7a1a5&amp;category_id=6
MOD DETAILS:
   modFile   : G:\xampp\htdocs\nasz\vqmod/xml/Auto-SEO-keywords-URL.xml
   id        : Auto SEO Keywords
   version   : 1
   vqmver    : 
   author    : Creative Ground
SEARCH NOT FOUND (ABORTING MOD): name="keyword"

----------------------------------------------------------------------


---------- Date: 2014-09-17 15:44:53 ~ IP : 127.0.0.1 ----------
REQUEST URI : /nasz/admin/index.php?route=catalog/category/update&amp;token=bb702d04cdb091859c92875468c7a1a5&amp;category_id=6
MOD DETAILS:
   modFile   : G:\xampp\htdocs\nasz\vqmod/xml/Auto-SEO-keywords-URL.xml
   id        : Auto SEO Keywords
   version   : 1
   vqmver    : 
   author    : Creative Ground
SEARCH NOT FOUND (ABORTING MOD): name="keyword"

----------------------------------------------------------------------


---------- Date: 2014-09-17 15:46:32 ~ IP : 127.0.0.1 ----------
REQUEST URI : /nasz/admin/index.php?route=catalog/category/update&amp;token=bb702d04cdb091859c92875468c7a1a5&amp;category_id=6
MOD DETAILS:
   modFile   : G:\xampp\htdocs\nasz\vqmod/xml/Auto-SEO-keywords-URL.xml
   id        : Auto SEO Keywords
   version   : 1
   vqmver    : 
   author    : Creative Ground
SEARCH NOT FOUND (ABORTING MOD): name="keyword"

----------------------------------------------------------------------


---------- Date: 2014-09-17 15:46:38 ~ IP : 127.0.0.1 ----------
REQUEST URI : /nasz/admin/index.php?route=catalog/category/update&amp;token=bb702d04cdb091859c92875468c7a1a5&amp;category_id=6
MOD DETAILS:
   modFile   : G:\xampp\htdocs\nasz\vqmod/xml/Auto-SEO-keywords-URL.xml
   id        : Auto SEO Keywords
   version   : 1
   vqmver    : 
   author    : Creative Ground
SEARCH NOT FOUND (ABORTING MOD): name="keyword"

----------------------------------------------------------------------


---------- Date: 2014-09-17 15:48:40 ~ IP : 127.0.0.1 ----------
REQUEST URI : /nasz/admin/index.php?route=catalog/category/update&amp;token=bb702d04cdb091859c92875468c7a1a5&amp;category_id=6
MOD DETAILS:
   modFile   : G:\xampp\htdocs\nasz\vqmod/xml/Auto-SEO-keywords-URL.xml
   id        : Auto SEO Keywords
   version   : 1
   vqmver    : 
   author    : Creative Ground
SEARCH NOT FOUND (ABORTING MOD): name="keyword"

----------------------------------------------------------------------


---------- Date: 2014-09-17 15:48:49 ~ IP : 127.0.0.1 ----------
REQUEST URI : /nasz/admin/index.php?route=catalog/category/update&amp;token=bb702d04cdb091859c92875468c7a1a5&amp;category_id=6
MOD DETAILS:
   modFile   : G:\xampp\htdocs\nasz\vqmod/xml/Auto-SEO-keywords-URL.xml
   id        : Auto SEO Keywords
   version   : 1
   vqmver    : 
   author    : Creative Ground
SEARCH NOT FOUND (ABORTING MOD): name="keyword"

----------------------------------------------------------------------


---------- Date: 2014-09-17 15:51:56 ~ IP : 127.0.0.1 ----------
REQUEST URI : /nasz/admin/index.php?route=catalog/category/update&amp;token=bb702d04cdb091859c92875468c7a1a5&amp;category_id=7
MOD DETAILS:
   modFile   : G:\xampp\htdocs\nasz\vqmod/xml/Auto-SEO-keywords-URL.xml
   id        : Auto SEO Keywords
   version   : 1
   vqmver    : 
   author    : Creative Ground
SEARCH NOT FOUND (ABORTING MOD): name="keyword"

----------------------------------------------------------------------


---------- Date: 2014-09-17 16:12:05 ~ IP : 127.0.0.1 ----------
REQUEST URI : /nasz/admin/index.php?route=catalog/product/update&amp;token=bb702d04cdb091859c92875468c7a1a5&amp;product_id=389
MOD DETAILS:
   modFile   : G:\xampp\htdocs\nasz\vqmod/xml/Auto-SEO-keywords-URL.xml
   id        : Auto SEO Keywords
   version   : 1
   vqmver    : 
   author    : Creative Ground
SEARCH NOT FOUND (ABORTING MOD): name="keyword"

----------------------------------------------------------------------


---------- Date: 2014-09-17 16:12:29 ~ IP : 127.0.0.1 ----------
REQUEST URI : /nasz/admin/index.php?route=catalog/product/update&amp;token=bb702d04cdb091859c92875468c7a1a5&amp;product_id=389
MOD DETAILS:
   modFile   : G:\xampp\htdocs\nasz\vqmod/xml/Auto-SEO-keywords-URL.xml
   id        : Auto SEO Keywords
   version   : 1
   vqmver    : 
   author    : Creative Ground
SEARCH NOT FOUND (ABORTING MOD): name="keyword"

----------------------------------------------------------------------


